<?xml version="1.0" encoding="UTF-8"?>
<!-- Generated by org.testng.reporters.JUnitReportReporter -->
<testsuite hostname="venkeyroy" failures="0" tests="1" name="testCases.TC001_Login" time="6.683" errors="0" timestamp="2025-03-07T19:59:36 IST" skipped="0">
  <testcase classname="testCases.TC001_Login" name="testmethod" time="6.683"/>
</testsuite> <!-- testCases.TC001_Login -->
