<?xml version="1.0" encoding="UTF-8"?>
<!-- Generated by org.testng.reporters.JUnitReportReporter -->
<testsuite hostname="venkeyroy" failures="0" tests="2" name="testCases.TC_002Login" time="48.194" errors="0" timestamp="2025-03-07T19:07:40 IST" skipped="0">
  <testcase classname="testCases.TC_002Login" name="testmethod2" time="4.927"/>
  <testcase classname="testCases.TC_002Login" name="testmethod2" time="43.267"/>
</testsuite> <!-- testCases.TC_002Login -->
