<?xml version="1.0" encoding="UTF-8"?>
<!-- Generated by org.testng.reporters.JUnitReportReporter -->
<testsuite hostname="venkeyroy" failures="0" tests="1" name="testCases.TC001_Login" time="5.506" errors="0" timestamp="2025-03-07T21:45:02 IST" skipped="0">
  <testcase classname="testCases.TC001_Login" name="testmethod" time="5.506"/>
</testsuite> <!-- testCases.TC001_Login -->
